Arguments: 
  /usr/local/bin/node /usr/local/bin/yarn add react-native-lightbox

PATH: 
  /Applications/XAMPP/xamppfiles/bin:/usr/local/bin:/usr/bin:/bin:/usr/sbin:/sbin:/usr/local/mysql/bin:/Applications/XAMPP/xamppfiles/bin

Yarn version: 
  1.3.2

Node version: 
  10.15.0

Platform: 
  darwin x64

npm manifest: 
  {
    "main": "node_modules/expo/AppEntry.js",
    "scripts": {
      "start": "expo start",
      "android": "expo start --android",
      "ios": "expo start --ios",
      "eject": "expo eject"
    },
    "dependencies": {
      "expo": "^32.0.0",
      "firebase": "^5.9.1",
      "native-base": "^2.12.1",
      "react": "16.5.0",
      "react-native": "https://github.com/expo/react-native/archive/sdk-32.0.0.tar.gz",
      "react-native-file-picker": "0.0.13",
      "react-native-gifted-chat": "^0.7.2",
      "react-native-image-picker": "^0.28.0",
      "react-native-loading-spinner-overlay": "^1.0.1",
      "react-navigation": "^3.5.1",
      "rn-pdf-reader-js": "^0.2.1"
    },
    "devDependencies": {
      "babel-preset-expo": "^5.0.0"
    },
    "private": true
  }

yarn manifest: 
  No manifest

Lockfile: 
  No lockfile

Trace: 
  Error: ENOSPC: no space left on device, open '/Users/Musa/Library/Caches/Yarn/v1/npm-@babel/plugin-syntax-export-default-from-7.2.0-edd83b7adc2e0d059e2467ca96c650ab6d2f3820/.yarn-metadata.json'
